2026-03-30 20:47:29,405 [INFO] error {"chat_id": "oc_lark_chat_prod", "stage": "tenant_access_token", "error": "code=10003, msg=invalid param"}
2026-03-30 20:47:29,516 [INFO] error {"chat_id": "oc_lark_chat_ack", "stage": "tenant_access_token", "error": "code=10003, msg=invalid param"}
2026-03-30 20:49:36,632 [INFO] error {"chat_id": "oc_cc8d68d763ef570e6d87e98f5cd7a168", "stage": "tenant_access_token", "error": "code=10003, msg=invalid param"}
2026-03-30 20:53:12,400 [INFO] token_request {"app_id_len": 20, "app_secret_len": 32, "endpoint": "tenant_access_token/internal"}
2026-03-30 20:53:12,907 [INFO] token_success {"token_len": 42}
2026-03-30 20:53:14,030 [INFO] sending {"chat_id": "oc_cc8d68d763ef570e6d87e98f5cd7a168", "title": "[告警通知][WARNING] 111113", "mention_count": 1, "unresolved_count": 0, "link": true}
2026-03-30 20:53:15,239 [INFO] sent {"chat_id": "oc_cc8d68d763ef570e6d87e98f5cd7a168", "message_id": "om_x100b53936d7cd134b31b51ef812a4a7"}
2026-03-30 20:56:12,711 [INFO] token_request {"app_id_len": 20, "app_secret_len": 32, "endpoint": "tenant_access_token/internal"}
2026-03-30 20:56:13,040 [INFO] token_success {"token_len": 42}
2026-03-30 20:56:13,750 [INFO] sending {"chat_id": "oc_lark_chat_prod", "title": "[未认领升级][WARNING] test lark notify", "mention_count": 1, "unresolved_count": 1, "link": true}
2026-03-30 21:00:12,810 [INFO] token_request {"app_id_len": 20, "app_secret_len": 32, "endpoint": "tenant_access_token/internal"}
2026-03-30 21:00:13,252 [INFO] token_success {"token_len": 42}
2026-03-30 21:00:13,975 [INFO] sending {"chat_id": "oc_lark_chat_prod", "title": "[未认领升级][WARNING] test lark notify", "mention_count": 1, "unresolved_count": 1, "link": true}
2026-03-30 21:08:12,745 [INFO] token_request {"app_id_len": 20, "app_secret_len": 32, "endpoint": "tenant_access_token/internal"}
2026-03-30 21:08:13,267 [INFO] token_success {"token_len": 42}
2026-03-30 21:08:14,361 [INFO] sending {"chat_id": "oc_cc8d68d763ef570e6d87e98f5cd7a168", "title": "[未认领升级][WARNING] 111113", "mention_count": 2, "unresolved_count": 1, "link": true}
2026-03-30 21:08:15,643 [INFO] sent {"chat_id": "oc_cc8d68d763ef570e6d87e98f5cd7a168", "message_id": "om_x100b5393153488b8b3d1986879f4f19"}
2026-03-30 22:30:12,508 [INFO] token_request {"app_id_len": 15, "app_secret_len": 19, "endpoint": "tenant_access_token/internal"}
2026-03-30 22:30:12,846 [INFO] token_failed {"error": "code=10003, msg=invalid param"}
2026-03-30 22:30:12,846 [INFO] error {"chat_id": "oc_lark_chat_prod", "stage": "tenant_access_token", "error": "Lark API error: code=10003, msg=invalid param. Please verify app_id and app_secret are correct."}
2026-03-30 22:30:12,882 [INFO] token_request {"app_id_len": 15, "app_secret_len": 19, "endpoint": "tenant_access_token/internal"}
2026-03-30 22:30:13,054 [INFO] token_failed {"error": "code=10003, msg=invalid param"}
2026-03-30 22:30:13,054 [INFO] error {"chat_id": "oc_lark_chat_ack", "stage": "tenant_access_token", "error": "Lark API error: code=10003, msg=invalid param. Please verify app_id and app_secret are correct."}
2026-03-30 22:38:02,133 [INFO] token_request {"app_id_len": 15, "app_secret_len": 19, "endpoint": "tenant_access_token/internal"}
2026-03-30 22:38:02,434 [INFO] token_failed {"error": "code=10003, msg=invalid param"}
2026-03-30 22:38:02,434 [INFO] error {"chat_id": "oc_lark_chat_prod", "stage": "tenant_access_token", "error": "Lark API error: code=10003, msg=invalid param. Please verify app_id and app_secret are correct."}
2026-03-30 22:38:02,454 [INFO] token_request {"app_id_len": 15, "app_secret_len": 19, "endpoint": "tenant_access_token/internal"}
2026-03-30 22:38:02,774 [INFO] token_failed {"error": "code=10003, msg=invalid param"}
2026-03-30 22:38:02,774 [INFO] error {"chat_id": "oc_lark_chat_ack", "stage": "tenant_access_token", "error": "Lark API error: code=10003, msg=invalid param. Please verify app_id and app_secret are correct."}
2026-03-30 22:54:01,910 [INFO] token_request {"app_id_len": 15, "app_secret_len": 19, "endpoint": "tenant_access_token/internal"}
2026-03-30 22:54:02,327 [INFO] token_failed {"error": "code=10003, msg=invalid param"}
2026-03-30 22:54:02,327 [INFO] error {"chat_id": "oc_lark_chat_prod", "stage": "tenant_access_token", "error": "Lark API error: code=10003, msg=invalid param. Please verify app_id and app_secret are correct."}
2026-03-30 22:54:02,359 [INFO] token_request {"app_id_len": 15, "app_secret_len": 19, "endpoint": "tenant_access_token/internal"}
2026-03-30 22:54:02,540 [INFO] token_failed {"error": "code=10003, msg=invalid param"}
2026-03-30 22:54:02,541 [INFO] error {"chat_id": "oc_lark_chat_ack", "stage": "tenant_access_token", "error": "Lark API error: code=10003, msg=invalid param. Please verify app_id and app_secret are correct."}
2026-03-31 09:25:57,203 [INFO] token_request {"app_id_len": 15, "app_secret_len": 19, "endpoint": "tenant_access_token/internal"}
2026-03-31 09:25:57,559 [INFO] token_failed {"error": "code=10003, msg=invalid param"}
2026-03-31 09:25:57,559 [INFO] error {"chat_id": "oc_cc8d68d763ef570e6d87e98f5cd7a168", "stage": "tenant_access_token", "error": "Lark API error: code=10003, msg=invalid param. Please verify app_id and app_secret are correct."}
2026-03-31 09:28:27,717 [INFO] token_request {"app_id_len": 20, "app_secret_len": 32, "endpoint": "tenant_access_token/internal"}
2026-03-31 09:28:28,072 [INFO] token_success {"token_len": 42}
2026-03-31 09:28:29,172 [INFO] sending {"chat_id": "oc_cc8d68d763ef570e6d87e98f5cd7a168", "title": "今天值班", "mention_count": 3, "unresolved_count": 2, "link": false}
2026-03-31 09:28:29,920 [INFO] error {"chat_id": "oc_cc8d68d763ef570e6d87e98f5cd7a168", "stage": "send_payload", "error": "http 400: code=230002, msg=Bot/User can NOT be out of the chat."}
2026-03-31 09:32:36,865 [INFO] token_request {"app_id_len": 20, "app_secret_len": 32, "endpoint": "tenant_access_token/internal"}
2026-03-31 09:32:37,299 [INFO] token_success {"token_len": 42}
2026-03-31 09:32:38,416 [INFO] sending {"chat_id": "oc_cc8d68d763ef570e6d87e98f5cd7a168", "title": "今天值班", "mention_count": 3, "unresolved_count": 2, "link": false}
2026-03-31 09:32:39,964 [INFO] error {"chat_id": "oc_cc8d68d763ef570e6d87e98f5cd7a168", "stage": "send_payload", "error": "http 400: code=230002, msg=Bot/User can NOT be out of the chat."}
2026-03-31 09:32:58,474 [INFO] token_request {"app_id_len": 20, "app_secret_len": 32, "endpoint": "tenant_access_token/internal"}
2026-03-31 09:32:58,730 [INFO] token_success {"token_len": 42}
2026-03-31 09:32:59,932 [INFO] sending {"chat_id": "oc_cc8d68d763ef570e6d87e98f5cd7a168", "title": "今天值班", "mention_count": 3, "unresolved_count": 2, "link": false}
2026-03-31 09:33:01,475 [INFO] error {"chat_id": "oc_cc8d68d763ef570e6d87e98f5cd7a168", "stage": "send_payload", "error": "http 400: code=230002, msg=Bot/User can NOT be out of the chat."}
2026-03-31 09:37:31,321 [INFO] token_request {"app_id_len": 20, "app_secret_len": 32, "endpoint": "tenant_access_token/internal"}
2026-03-31 09:37:31,683 [INFO] token_success {"token_len": 42}
2026-03-31 09:37:33,641 [INFO] warning {"chat_id": "oc_cc8d68d763ef570e6d87e98f5cd7a168", "stage": "lookup_chat_members", "error": "http 400: code=232011, msg=Operator can NOT be out of the chat."}
2026-03-31 09:37:33,642 [INFO] sending {"chat_id": "oc_cc8d68d763ef570e6d87e98f5cd7a168", "title": "今天值班", "mention_count": 3, "mention_in_chat_count": 0, "mention_plain_text_count": 3, "unresolved_count": 3, "link": false}
2026-03-31 09:37:35,179 [INFO] error {"chat_id": "oc_cc8d68d763ef570e6d87e98f5cd7a168", "stage": "send_payload", "error": "http 400: code=230002, msg=Bot/User can NOT be out of the chat."}
2026-03-31 09:39:49,285 [INFO] token_request {"app_id_len": 20, "app_secret_len": 32, "endpoint": "tenant_access_token/internal"}
2026-03-31 09:39:49,945 [INFO] token_success {"token_len": 42}
2026-03-31 09:39:51,773 [INFO] warning {"chat_id": "oc_cc8d68d763ef570e6d87e98f5cd7a168", "stage": "lookup_chat_members", "error": "http 400: code=232001, msg=Your request contains an invalid request parameter, ext=page_size[200] lager than max limit[100]"}
2026-03-31 09:39:51,774 [INFO] sending {"chat_id": "oc_cc8d68d763ef570e6d87e98f5cd7a168", "title": "今天值班", "mention_count": 3, "mention_in_chat_count": 0, "mention_plain_text_count": 3, "unresolved_count": 3, "link": false}
2026-03-31 09:39:52,909 [INFO] sent {"chat_id": "oc_cc8d68d763ef570e6d87e98f5cd7a168", "message_id": "om_x100b53861043c0a8e150fc10fb491c0", "mention_issue": "lookup chat members failed: http 400: code=232001, msg=Your request contains an invalid request parameter, ext=page_size[200] lager than max limit[100]"}
2026-03-31 09:43:28,356 [INFO] token_request {"app_id_len": 20, "app_secret_len": 32, "endpoint": "tenant_access_token/internal"}
2026-03-31 09:43:28,685 [INFO] token_success {"token_len": 42}
2026-03-31 09:43:30,990 [INFO] sending {"chat_id": "oc_cc8d68d763ef570e6d87e98f5cd7a168", "title": "今天值班", "mention_count": 3, "mention_in_chat_count": 1, "mention_plain_text_count": 2, "unresolved_count": 2, "link": false}
2026-03-31 09:43:32,216 [INFO] sent {"chat_id": "oc_cc8d68d763ef570e6d87e98f5cd7a168", "message_id": "om_x100b5386228c10a0e2d4ef6bac4a4da"}
2026-03-31 09:50:59,402 [INFO] token_request {"app_id_len": 20, "app_secret_len": 32, "endpoint": "tenant_access_token/internal"}
2026-03-31 09:50:59,753 [INFO] token_success {"token_len": 42}
2026-03-31 09:51:00,966 [INFO] sending {"chat_id": "oc_cc8d68d763ef570e6d87e98f5cd7a168", "title": "今天值班", "mention_count": 0, "mention_in_chat_count": 0, "mention_plain_text_count": 0, "unresolved_count": 0, "link": false}
2026-03-31 09:51:02,095 [INFO] sent {"chat_id": "oc_cc8d68d763ef570e6d87e98f5cd7a168", "message_id": "om_x100b5386c6acd0b0e1563fa4c7d2ae3"}
2026-03-31 09:54:39,356 [INFO] token_request {"app_id_len": 20, "app_secret_len": 32, "endpoint": "tenant_access_token/internal"}
2026-03-31 09:54:39,935 [INFO] token_success {"token_len": 42}
2026-03-31 09:54:41,363 [INFO] sending {"chat_id": "oc_cc8d68d763ef570e6d87e98f5cd7a168", "title": "今天值班", "mention_count": 0, "mention_in_chat_count": 0, "mention_plain_text_count": 0, "unresolved_count": 0, "link": false}
2026-03-31 09:54:42,586 [INFO] sent {"chat_id": "oc_cc8d68d763ef570e6d87e98f5cd7a168", "message_id": "om_x100b5386d8e510b4e1299942dd8dba9"}
2026-03-31 09:56:35,862 [INFO] token_request {"app_id_len": 20, "app_secret_len": 32, "endpoint": "tenant_access_token/internal"}
2026-03-31 09:56:36,342 [INFO] token_success {"token_len": 42}
2026-03-31 09:56:38,772 [INFO] token_request {"app_id_len": 20, "app_secret_len": 32, "endpoint": "tenant_access_token/internal"}
2026-03-31 09:56:39,036 [INFO] token_success {"token_len": 42}
2026-03-31 09:56:40,209 [INFO] sending {"chat_id": "oc_cc8d68d763ef570e6d87e98f5cd7a168", "title": "今天值班", "mention_count": 0, "mention_in_chat_count": 0, "mention_plain_text_count": 0, "unresolved_count": 0, "link": false}
2026-03-31 09:56:41,435 [INFO] sent {"chat_id": "oc_cc8d68d763ef570e6d87e98f5cd7a168", "message_id": "om_x100b5386d35b34b4e2b19092e8ae6f8"}
2026-04-03 09:00:00,093 [INFO] token_request {"app_id_len": 20, "app_secret_len": 32, "endpoint": "tenant_access_token/internal"}
2026-04-03 09:00:00,958 [INFO] token_success {"token_len": 42}
2026-04-03 09:00:03,530 [INFO] token_request {"app_id_len": 20, "app_secret_len": 32, "endpoint": "tenant_access_token/internal"}
2026-04-03 09:00:03,764 [INFO] token_success {"token_len": 42}
2026-04-03 09:00:05,009 [INFO] sending {"chat_id": "oc_cc8d68d763ef570e6d87e98f5cd7a168", "title": "今天值班", "mention_count": 0, "mention_in_chat_count": 0, "mention_plain_text_count": 0, "unresolved_count": 0, "link": false}
2026-04-03 09:00:06,212 [INFO] sent {"chat_id": "oc_cc8d68d763ef570e6d87e98f5cd7a168", "message_id": "om_x100b53c55fac0080e126634a86fc35d"}
2026-04-03 21:32:14,780 [INFO] token_request {"app_id_len": 20, "app_secret_len": 32, "endpoint": "tenant_access_token/internal"}
2026-04-03 21:32:15,616 [INFO] token_success {"token_len": 42}
2026-04-03 21:32:17,458 [INFO] sending {"chat_id": "oc_cc8d68d763ef570e6d87e98f5cd7a168", "title": "[告警通知][CRITICAL] check", "mention_count": 1, "mention_in_chat_count": 0, "mention_plain_text_count": 1, "unresolved_count": 1, "link": true}
2026-04-03 21:32:18,481 [INFO] sent {"chat_id": "oc_cc8d68d763ef570e6d87e98f5cd7a168", "message_id": "om_x100b53c858ebc8a4c3db3b3df9f6ebf"}
2026-04-03 21:33:38,098 [INFO] token_request {"app_id_len": 20, "app_secret_len": 32, "endpoint": "tenant_access_token/internal"}
2026-04-03 21:33:38,442 [INFO] token_success {"token_len": 42}
2026-04-03 21:33:40,048 [INFO] sending {"chat_id": "oc_cc8d68d763ef570e6d87e98f5cd7a168", "title": "[告警通知][2] test——demo", "mention_count": 1, "mention_in_chat_count": 0, "mention_plain_text_count": 1, "unresolved_count": 1, "link": true}
2026-04-03 21:33:41,063 [INFO] sent {"chat_id": "oc_cc8d68d763ef570e6d87e98f5cd7a168", "message_id": "om_x100b53c8559d5ca4c4338c3eb60b184"}
2026-04-03 21:33:54,496 [INFO] token_request {"app_id_len": 20, "app_secret_len": 32, "endpoint": "tenant_access_token/internal"}
2026-04-03 21:33:55,066 [INFO] token_success {"token_len": 42}
2026-04-03 21:33:56,990 [INFO] sending {"chat_id": "oc_cc8d68d763ef570e6d87e98f5cd7a168", "title": "[未认领升级][2] test——demo", "mention_count": 2, "mention_in_chat_count": 0, "mention_plain_text_count": 2, "unresolved_count": 2, "link": true}
2026-04-03 21:33:57,943 [INFO] sent {"chat_id": "oc_cc8d68d763ef570e6d87e98f5cd7a168", "message_id": "om_x100b53c85293e93cc22f71fa1b8d499"}
2026-04-03 21:47:32,250 [INFO] token_request {"app_id_len": 20, "app_secret_len": 32, "endpoint": "tenant_access_token/internal"}
2026-04-03 21:47:33,003 [INFO] token_success {"token_len": 42}
2026-04-03 21:47:34,615 [INFO] sending {"chat_id": "oc_cc8d68d763ef570e6d87e98f5cd7a168", "title": "[告警通知][2] test——demo", "mention_count": 1, "mention_in_chat_count": 0, "mention_plain_text_count": 1, "unresolved_count": 1, "link": true}
2026-04-03 21:47:35,590 [INFO] sent {"chat_id": "oc_cc8d68d763ef570e6d87e98f5cd7a168", "message_id": "om_x100b53c801b510a0c45a642f5ad0ba4"}
2026-04-03 22:00:32,096 [INFO] token_request {"app_id_len": 20, "app_secret_len": 32, "endpoint": "tenant_access_token/internal"}
2026-04-03 22:00:32,833 [INFO] token_success {"token_len": 42}
2026-04-03 22:00:32,833 [INFO] sending_ticket {"chat_id": "oc_cc8d68d763ef570e6d87e98f5cd7a168", "alert_id": "", "rulename": "test——demo", "severity": "2"}
2026-04-03 22:00:33,925 [INFO] sent_ticket {"chat_id": "oc_cc8d68d763ef570e6d87e98f5cd7a168", "message_id": "om_x100b53c8ced020a0c3cdd7ed4c58994"}
2026-04-03 22:00:47,094 [INFO] token_request {"app_id_len": 20, "app_secret_len": 32, "endpoint": "tenant_access_token/internal"}
2026-04-03 22:00:47,361 [INFO] token_success {"token_len": 42}
2026-04-03 22:00:47,362 [INFO] sending_ticket {"chat_id": "oc_cc8d68d763ef570e6d87e98f5cd7a168", "alert_id": "", "rulename": "test——demo", "severity": "2"}
2026-04-03 22:00:48,383 [INFO] sent_ticket {"chat_id": "oc_cc8d68d763ef570e6d87e98f5cd7a168", "message_id": "om_x100b53c8cfc82504c4f95d6ec2aa1bd"}
2026-04-03 22:01:02,046 [INFO] token_request {"app_id_len": 20, "app_secret_len": 32, "endpoint": "tenant_access_token/internal"}
2026-04-03 22:01:02,273 [INFO] token_success {"token_len": 42}
2026-04-03 22:01:02,273 [INFO] sending_ticket {"chat_id": "oc_cc8d68d763ef570e6d87e98f5cd7a168", "alert_id": "", "rulename": "test——demo", "severity": "2"}
2026-04-03 22:01:03,371 [INFO] sent_ticket {"chat_id": "oc_cc8d68d763ef570e6d87e98f5cd7a168", "message_id": "om_x100b53c8cf38d8a4c4fae76147f0656"}
2026-04-03 22:01:17,110 [INFO] token_request {"app_id_len": 20, "app_secret_len": 32, "endpoint": "tenant_access_token/internal"}
2026-04-03 22:01:17,331 [INFO] token_success {"token_len": 42}
2026-04-03 22:01:17,331 [INFO] sending_ticket {"chat_id": "oc_cc8d68d763ef570e6d87e98f5cd7a168", "alert_id": "", "rulename": "test——demo", "severity": "2"}
2026-04-03 22:01:18,384 [INFO] sent_ticket {"chat_id": "oc_cc8d68d763ef570e6d87e98f5cd7a168", "message_id": "om_x100b53c8cc28eca8c4f22bde0dcd114"}
2026-04-03 22:01:32,094 [INFO] token_request {"app_id_len": 20, "app_secret_len": 32, "endpoint": "tenant_access_token/internal"}
2026-04-03 22:01:32,300 [INFO] token_success {"token_len": 42}
2026-04-03 22:01:32,300 [INFO] sending_ticket {"chat_id": "oc_cc8d68d763ef570e6d87e98f5cd7a168", "alert_id": "", "rulename": "test——demo", "severity": "2"}
2026-04-03 22:01:33,328 [INFO] sent_ticket {"chat_id": "oc_cc8d68d763ef570e6d87e98f5cd7a168", "message_id": "om_x100b53c8cd1884a0c22ecb861b88b53"}
2026-04-03 22:01:47,060 [INFO] token_request {"app_id_len": 20, "app_secret_len": 32, "endpoint": "tenant_access_token/internal"}
2026-04-03 22:01:47,293 [INFO] token_success {"token_len": 42}
2026-04-03 22:01:47,293 [INFO] sending_ticket {"chat_id": "oc_cc8d68d763ef570e6d87e98f5cd7a168", "alert_id": "", "rulename": "test——demo", "severity": "2"}
2026-04-03 22:01:48,481 [INFO] sent_ticket {"chat_id": "oc_cc8d68d763ef570e6d87e98f5cd7a168", "message_id": "om_x100b53c8ca0860acc2c054b2796ef65"}
2026-04-03 22:02:02,089 [INFO] token_request {"app_id_len": 20, "app_secret_len": 32, "endpoint": "tenant_access_token/internal"}
2026-04-03 22:02:02,415 [INFO] token_success {"token_len": 42}
2026-04-03 22:02:02,415 [INFO] sending_ticket {"chat_id": "oc_cc8d68d763ef570e6d87e98f5cd7a168", "alert_id": "", "rulename": "test——demo", "severity": "2"}
2026-04-03 22:02:03,509 [INFO] sent_ticket {"chat_id": "oc_cc8d68d763ef570e6d87e98f5cd7a168", "message_id": "om_x100b53c8cb7a54a0c3b334e18bd07e1"}
2026-04-03 22:02:17,041 [INFO] token_request {"app_id_len": 20, "app_secret_len": 32, "endpoint": "tenant_access_token/internal"}
2026-04-03 22:02:17,288 [INFO] token_success {"token_len": 42}
2026-04-03 22:02:17,288 [INFO] sending_ticket {"chat_id": "oc_cc8d68d763ef570e6d87e98f5cd7a168", "alert_id": "", "rulename": "test——demo", "severity": "2"}
2026-04-03 22:02:18,315 [INFO] sent_ticket {"chat_id": "oc_cc8d68d763ef570e6d87e98f5cd7a168", "message_id": "om_x100b53c8c869e0acc4ddb630840c302"}
2026-04-03 22:02:32,090 [INFO] token_request {"app_id_len": 20, "app_secret_len": 32, "endpoint": "tenant_access_token/internal"}
2026-04-03 22:02:32,308 [INFO] token_success {"token_len": 42}
2026-04-03 22:02:32,308 [INFO] sending_ticket {"chat_id": "oc_cc8d68d763ef570e6d87e98f5cd7a168", "alert_id": "", "rulename": "test——demo", "severity": "2"}
2026-04-03 22:02:33,426 [INFO] sent_ticket {"chat_id": "oc_cc8d68d763ef570e6d87e98f5cd7a168", "message_id": "om_x100b53c8c958b0acc2480b1a062cd6e"}
2026-04-03 22:02:47,045 [INFO] token_request {"app_id_len": 20, "app_secret_len": 32, "endpoint": "tenant_access_token/internal"}
2026-04-03 22:02:47,265 [INFO] token_success {"token_len": 42}
2026-04-03 22:02:47,265 [INFO] sending_ticket {"chat_id": "oc_cc8d68d763ef570e6d87e98f5cd7a168", "alert_id": "", "rulename": "test——demo", "severity": "2"}
2026-04-03 22:02:48,294 [INFO] sent_ticket {"chat_id": "oc_cc8d68d763ef570e6d87e98f5cd7a168", "message_id": "om_x100b53c8c649d4a0c354971fc9fe9a2"}
2026-04-03 22:03:01,905 [INFO] token_request {"app_id_len": 20, "app_secret_len": 32, "endpoint": "tenant_access_token/internal"}
2026-04-03 22:03:02,080 [INFO] token_request {"app_id_len": 20, "app_secret_len": 32, "endpoint": "tenant_access_token/internal"}
2026-04-03 22:03:02,134 [INFO] token_success {"token_len": 42}
2026-04-03 22:03:02,277 [INFO] token_success {"token_len": 42}
2026-04-03 22:03:02,278 [INFO] sending_ticket {"chat_id": "oc_cc8d68d763ef570e6d87e98f5cd7a168", "alert_id": "", "rulename": "test——demo", "severity": "2"}
2026-04-03 22:03:03,305 [INFO] sent_ticket {"chat_id": "oc_cc8d68d763ef570e6d87e98f5cd7a168", "message_id": "om_x100b53c8c7b9f138c2cdfa3f1280fbe"}
2026-04-03 22:03:03,911 [INFO] sending {"chat_id": "oc_cc8d68d763ef570e6d87e98f5cd7a168", "title": "[未认领升级][2] test——demo", "mention_count": 2, "mention_in_chat_count": 0, "mention_plain_text_count": 2, "unresolved_count": 2, "link": true}
2026-04-03 22:03:04,844 [INFO] sent {"chat_id": "oc_cc8d68d763ef570e6d87e98f5cd7a168", "message_id": "om_x100b53c8c74098a4c36014eb0b9825d"}
2026-04-03 22:03:17,043 [INFO] token_request {"app_id_len": 20, "app_secret_len": 32, "endpoint": "tenant_access_token/internal"}
2026-04-03 22:03:17,295 [INFO] token_success {"token_len": 42}
2026-04-03 22:03:17,295 [INFO] sending_ticket {"chat_id": "oc_cc8d68d763ef570e6d87e98f5cd7a168", "alert_id": "", "rulename": "test——demo", "severity": "2"}
2026-04-03 22:03:18,334 [INFO] sent_ticket {"chat_id": "oc_cc8d68d763ef570e6d87e98f5cd7a168", "message_id": "om_x100b53c8c4a884acc4d5d9814d3c1f6"}
2026-04-03 22:03:32,098 [INFO] token_request {"app_id_len": 20, "app_secret_len": 32, "endpoint": "tenant_access_token/internal"}
2026-04-03 22:03:32,926 [INFO] token_success {"token_len": 42}
2026-04-03 22:03:32,926 [INFO] sending_ticket {"chat_id": "oc_cc8d68d763ef570e6d87e98f5cd7a168", "alert_id": "", "rulename": "test——demo", "severity": "2"}
2026-04-03 22:03:33,975 [INFO] sent_ticket {"chat_id": "oc_cc8d68d763ef570e6d87e98f5cd7a168", "message_id": "om_x100b53c8c5936938c352528b4b83101"}
2026-04-03 22:03:47,059 [INFO] token_request {"app_id_len": 20, "app_secret_len": 32, "endpoint": "tenant_access_token/internal"}
2026-04-03 22:03:47,275 [INFO] token_success {"token_len": 42}
2026-04-03 22:03:47,275 [INFO] sending_ticket {"chat_id": "oc_cc8d68d763ef570e6d87e98f5cd7a168", "alert_id": "", "rulename": "test——demo", "severity": "2"}
2026-04-03 22:03:48,390 [INFO] sent_ticket {"chat_id": "oc_cc8d68d763ef570e6d87e98f5cd7a168", "message_id": "om_x100b53c8c2884ca4c3b8a89d02412ca"}
2026-04-03 22:04:02,086 [INFO] token_request {"app_id_len": 20, "app_secret_len": 32, "endpoint": "tenant_access_token/internal"}
2026-04-03 22:04:02,295 [INFO] token_success {"token_len": 42}
2026-04-03 22:04:02,295 [INFO] sending_ticket {"chat_id": "oc_cc8d68d763ef570e6d87e98f5cd7a168", "alert_id": "", "rulename": "test——demo", "severity": "2"}
2026-04-03 22:04:03,347 [INFO] sent_ticket {"chat_id": "oc_cc8d68d763ef570e6d87e98f5cd7a168", "message_id": "om_x100b53c8c3f8b8a4c149f421b8d930a"}
2026-04-03 22:04:17,057 [INFO] token_request {"app_id_len": 20, "app_secret_len": 32, "endpoint": "tenant_access_token/internal"}
2026-04-03 22:04:17,315 [INFO] token_success {"token_len": 42}
2026-04-03 22:04:17,315 [INFO] sending_ticket {"chat_id": "oc_cc8d68d763ef570e6d87e98f5cd7a168", "alert_id": "", "rulename": "test——demo", "severity": "2"}
2026-04-03 22:04:18,348 [INFO] sent_ticket {"chat_id": "oc_cc8d68d763ef570e6d87e98f5cd7a168", "message_id": "om_x100b53c8c0e8c4a0c2b8147ea8b1059"}
2026-04-03 22:04:32,088 [INFO] token_request {"app_id_len": 20, "app_secret_len": 32, "endpoint": "tenant_access_token/internal"}
2026-04-03 22:04:32,294 [INFO] token_success {"token_len": 42}
2026-04-03 22:04:32,294 [INFO] sending_ticket {"chat_id": "oc_cc8d68d763ef570e6d87e98f5cd7a168", "alert_id": "", "rulename": "test——demo", "severity": "2"}
2026-04-03 22:04:33,317 [INFO] sent_ticket {"chat_id": "oc_cc8d68d763ef570e6d87e98f5cd7a168", "message_id": "om_x100b53c8c1d948a8c2ae57b2fa2837c"}
2026-04-03 22:04:47,146 [INFO] token_request {"app_id_len": 20, "app_secret_len": 32, "endpoint": "tenant_access_token/internal"}
2026-04-03 22:04:47,359 [INFO] token_success {"token_len": 42}
2026-04-03 22:04:47,359 [INFO] sending_ticket {"chat_id": "oc_cc8d68d763ef570e6d87e98f5cd7a168", "alert_id": "", "rulename": "test——demo", "severity": "2"}
2026-04-03 22:04:48,421 [INFO] sent_ticket {"chat_id": "oc_cc8d68d763ef570e6d87e98f5cd7a168", "message_id": "om_x100b53c8dec82ca0c30856cfa35bd7e"}
2026-04-03 22:05:02,073 [INFO] token_request {"app_id_len": 20, "app_secret_len": 32, "endpoint": "tenant_access_token/internal"}
2026-04-03 22:05:02,418 [INFO] token_success {"token_len": 42}
2026-04-03 22:05:02,419 [INFO] sending_ticket {"chat_id": "oc_cc8d68d763ef570e6d87e98f5cd7a168", "alert_id": "", "rulename": "test——demo", "severity": "2"}
2026-04-03 22:05:03,430 [INFO] sent_ticket {"chat_id": "oc_cc8d68d763ef570e6d87e98f5cd7a168", "message_id": "om_x100b53c8de3b48a8c4429123cc2b6db"}
2026-04-03 22:05:17,093 [INFO] token_request {"app_id_len": 20, "app_secret_len": 32, "endpoint": "tenant_access_token/internal"}
2026-04-03 22:05:17,359 [INFO] token_success {"token_len": 42}
2026-04-03 22:05:17,359 [INFO] sending_ticket {"chat_id": "oc_cc8d68d763ef570e6d87e98f5cd7a168", "alert_id": "", "rulename": "test——demo", "severity": "2"}
2026-04-03 22:05:18,494 [INFO] sent_ticket {"chat_id": "oc_cc8d68d763ef570e6d87e98f5cd7a168", "message_id": "om_x100b53c8df2b88a0c4519bb86259a28"}
2026-04-03 22:05:32,098 [INFO] token_request {"app_id_len": 20, "app_secret_len": 32, "endpoint": "tenant_access_token/internal"}
2026-04-03 22:05:32,313 [INFO] token_success {"token_len": 42}
2026-04-03 22:05:32,313 [INFO] sending_ticket {"chat_id": "oc_cc8d68d763ef570e6d87e98f5cd7a168", "alert_id": "", "rulename": "test——demo", "severity": "2"}
2026-04-03 22:05:33,342 [INFO] sent_ticket {"chat_id": "oc_cc8d68d763ef570e6d87e98f5cd7a168", "message_id": "om_x100b53c8dc18a910c14d77ad0429280"}
2026-04-03 22:05:47,093 [INFO] token_request {"app_id_len": 20, "app_secret_len": 32, "endpoint": "tenant_access_token/internal"}
2026-04-03 22:05:47,309 [INFO] token_success {"token_len": 42}
2026-04-03 22:05:47,310 [INFO] sending_ticket {"chat_id": "oc_cc8d68d763ef570e6d87e98f5cd7a168", "alert_id": "", "rulename": "test——demo", "severity": "2"}
2026-04-03 22:05:48,350 [INFO] sent_ticket {"chat_id": "oc_cc8d68d763ef570e6d87e98f5cd7a168", "message_id": "om_x100b53c8dd08c8a8c36e6a4dd751561"}
2026-04-03 22:06:02,120 [INFO] token_request {"app_id_len": 20, "app_secret_len": 32, "endpoint": "tenant_access_token/internal"}
2026-04-03 22:06:02,334 [INFO] token_success {"token_len": 42}
2026-04-03 22:06:02,334 [INFO] sending_ticket {"chat_id": "oc_cc8d68d763ef570e6d87e98f5cd7a168", "alert_id": "", "rulename": "test——demo", "severity": "2"}
2026-04-03 22:06:03,452 [INFO] sent_ticket {"chat_id": "oc_cc8d68d763ef570e6d87e98f5cd7a168", "message_id": "om_x100b53c8da7b48a0c42d794471dde08"}
2026-04-03 22:24:36,839 [INFO] token_request {"app_id_len": 20, "app_secret_len": 32, "endpoint": "tenant_access_token/internal"}
2026-04-03 22:24:37,385 [INFO] token_success {"token_len": 42}
2026-04-03 22:24:37,386 [INFO] sending_ticket {"chat_id": "oc_cc8d68d763ef570e6d87e98f5cd7a168", "alert_id": "I130", "rulename": "test——demo", "severity": "2"}
2026-04-03 22:24:38,390 [INFO] sent_ticket {"chat_id": "oc_cc8d68d763ef570e6d87e98f5cd7a168", "message_id": "om_x100b53c894ab30a0c307076ae4cfa8a"}
2026-04-03 22:25:14,336 [INFO] token_request {"app_id_len": 20, "app_secret_len": 32, "endpoint": "tenant_access_token/internal"}
2026-04-03 22:25:14,572 [INFO] token_success {"token_len": 42}
2026-04-03 22:25:14,572 [INFO] sending_ticket {"chat_id": "oc_cc8d68d763ef570e6d87e98f5cd7a168", "alert_id": "I130", "rulename": "test——demo", "severity": "2"}
2026-04-03 22:25:15,621 [INFO] sent_ticket {"chat_id": "oc_cc8d68d763ef570e6d87e98f5cd7a168", "message_id": "om_x100b53c89277a4a4c35e6a5eef62e7f"}
2026-04-03 23:05:28,953 [INFO] token_request {"app_id_len": 20, "app_secret_len": 32, "endpoint": "tenant_access_token/internal"}
2026-04-03 23:05:29,549 [INFO] token_success {"token_len": 42}
2026-04-03 23:05:29,550 [INFO] sending_ticket {"chat_id": "oc_cc8d68d763ef570e6d87e98f5cd7a168", "alert_id": "I130", "rulename": "test——demo", "severity": "2"}
2026-04-03 23:05:30,774 [INFO] sent_ticket {"chat_id": "oc_cc8d68d763ef570e6d87e98f5cd7a168", "message_id": "om_x100b53c93d6678a4c30cbee5f8ad74b"}
2026-04-03 23:09:58,295 [INFO] token_request {"app_id_len": 20, "app_secret_len": 32, "endpoint": "tenant_access_token/internal"}
2026-04-03 23:09:58,870 [INFO] token_success {"token_len": 42}
2026-04-03 23:09:58,871 [INFO] sending_ticket {"chat_id": "oc_cc8d68d763ef570e6d87e98f5cd7a168", "alert_id": "I130", "rulename": "test——demo", "severity": "2"}
2026-04-03 23:09:59,882 [INFO] sent_ticket {"chat_id": "oc_cc8d68d763ef570e6d87e98f5cd7a168", "message_id": "om_x100b53c9cab0fca4c37e10a37a09942"}
2026-04-03 23:19:32,068 [INFO] token_request {"app_id_len": 20, "app_secret_len": 32, "endpoint": "tenant_access_token/internal"}
2026-04-03 23:19:32,597 [INFO] token_success {"token_len": 42}
2026-04-03 23:19:34,395 [INFO] sending {"chat_id": "oc_cc8d68d763ef570e6d87e98f5cd7a168", "title": "[告警通知][2] test——demo", "mention_count": 1, "mention_in_chat_count": 0, "mention_plain_text_count": 1, "unresolved_count": 1, "link": true}
2026-04-03 23:19:35,394 [INFO] sent {"chat_id": "oc_cc8d68d763ef570e6d87e98f5cd7a168", "message_id": "om_x100b53c9e6b950acc3fb468688e5bf6"}
2026-04-03 23:19:35,427 [INFO] token_request {"app_id_len": 20, "app_secret_len": 32, "endpoint": "tenant_access_token/internal"}
2026-04-03 23:19:35,698 [INFO] token_success {"token_len": 42}
2026-04-03 23:19:35,698 [INFO] sending_ticket {"chat_id": "oc_cc8d68d763ef570e6d87e98f5cd7a168", "alert_id": "I131", "rulename": "test——demo", "severity": "2"}
2026-04-03 23:19:36,650 [INFO] sent_ticket {"chat_id": "oc_cc8d68d763ef570e6d87e98f5cd7a168", "message_id": "om_x100b53c9e6444468c4eea8466c1badb"}
2026-04-03 23:20:16,396 [INFO] sending_ticket {"chat_id": "oc_test", "alert_id": "I200", "rulename": "CPU High", "severity": "critical"}
2026-04-03 23:20:16,396 [INFO] sent_ticket {"chat_id": "oc_test", "message_id": "om_test"}
2026-04-03 23:20:16,401 [INFO] sending_ticket {"chat_id": "oc_test", "alert_id": "I130", "rulename": "Redis Memory High", "severity": "critical"}
2026-04-03 23:20:16,402 [INFO] sent_ticket {"chat_id": "oc_test", "message_id": "om_test"}
2026-04-03 23:28:06,664 [INFO] token_request {"app_id_len": 20, "app_secret_len": 32, "endpoint": "tenant_access_token/internal"}
2026-04-03 23:28:07,690 [INFO] token_success {"token_len": 42}
2026-04-03 23:28:07,691 [INFO] sending_ticket {"chat_id": "oc_cc8d68d763ef570e6d87e98f5cd7a168", "alert_id": "I131", "rulename": "test——demo", "severity": "2"}
2026-04-03 23:28:08,712 [INFO] sent_ticket {"chat_id": "oc_cc8d68d763ef570e6d87e98f5cd7a168", "message_id": "om_x100b53c9864750b8c33baae72eef612"}
2026-04-03 23:35:40,942 [INFO] sending_ticket {"chat_id": "oc_test", "alert_id": "I130", "rulename": "CPU Rule", "severity": "critical"}
2026-04-03 23:35:40,942 [INFO] sent_ticket {"chat_id": "oc_test", "message_id": "om_test"}
2026-04-03 23:35:40,942 [INFO] sending_ticket {"chat_id": "oc_test", "alert_id": "I130", "rulename": "CPU Rule", "severity": "critical"}
2026-04-03 23:35:40,942 [INFO] sent_ticket {"chat_id": "oc_test", "message_id": "om_test"}
2026-04-03 23:41:58,552 [INFO] sending_ticket {"chat_id": "oc_test", "alert_id": "I130", "rulename": "CPU Rule", "severity": "critical"}
2026-04-03 23:41:58,553 [INFO] sent_ticket {"chat_id": "oc_test", "message_id": "om_test"}
2026-04-03 23:41:58,553 [INFO] sending_ticket {"chat_id": "oc_test", "alert_id": "I130", "rulename": "CPU Rule", "severity": "critical"}
2026-04-03 23:41:58,553 [INFO] sent_ticket {"chat_id": "oc_test", "message_id": "om_test"}
2026-04-03 23:45:47,120 [INFO] token_request {"app_id_len": 20, "app_secret_len": 32, "endpoint": "tenant_access_token/internal"}
2026-04-03 23:45:47,656 [INFO] token_success {"token_len": 42}
2026-04-03 23:45:49,360 [INFO] sending {"chat_id": "oc_cc8d68d763ef570e6d87e98f5cd7a168", "title": "[告警通知][2] test——demo", "mention_count": 1, "mention_in_chat_count": 0, "mention_plain_text_count": 1, "unresolved_count": 1, "link": true}
2026-04-03 23:45:50,348 [INFO] sent {"chat_id": "oc_cc8d68d763ef570e6d87e98f5cd7a168", "message_id": "om_x100b53ca442950a0c4a52cdfa60c7a1"}
2026-04-03 23:45:50,384 [INFO] token_request {"app_id_len": 20, "app_secret_len": 32, "endpoint": "tenant_access_token/internal"}
2026-04-03 23:45:50,595 [INFO] token_success {"token_len": 42}
2026-04-03 23:45:52,089 [INFO] sending_ticket {"chat_id": "oc_cc8d68d763ef570e6d87e98f5cd7a168", "alert_id": "I132", "rulename": "test——demo", "severity": "2"}
2026-04-03 23:45:53,038 [INFO] sent_ticket {"chat_id": "oc_cc8d68d763ef570e6d87e98f5cd7a168", "message_id": "om_x100b53ca45dd44a8c30bd92980f80d8"}
2026-04-04 00:01:30,814 [INFO] token_request {"app_id_len": 20, "app_secret_len": 32, "endpoint": "tenant_access_token/internal"}
2026-04-04 00:01:31,531 [INFO] token_success {"token_len": 42}
2026-04-04 00:01:33,191 [INFO] sending {"chat_id": "oc_cc8d68d763ef570e6d87e98f5cd7a168", "title": "[未认领升级][2] test——demo", "mention_count": 2, "mention_in_chat_count": 0, "mention_plain_text_count": 2, "unresolved_count": 2, "link": true}
2026-04-04 00:01:34,162 [INFO] sent {"chat_id": "oc_cc8d68d763ef570e6d87e98f5cd7a168", "message_id": "om_x100b53ca0b2f3ca8c32f53dc13fa050"}
2026-04-04 00:04:08,063 [INFO] token_request {"app_id_len": 20, "app_secret_len": 32, "endpoint": "tenant_access_token/internal"}
2026-04-04 00:04:08,374 [INFO] token_success {"token_len": 42}
2026-04-04 00:04:09,959 [INFO] sending {"chat_id": "oc_cc8d68d763ef570e6d87e98f5cd7a168", "title": "[告警通知][2] test——demo", "mention_count": 1, "mention_in_chat_count": 0, "mention_plain_text_count": 1, "unresolved_count": 1, "link": true}
2026-04-04 00:04:10,887 [INFO] sent {"chat_id": "oc_cc8d68d763ef570e6d87e98f5cd7a168", "message_id": "om_x100b53ca016324a8c2240c0e8ee34d9"}
2026-04-04 00:04:10,907 [INFO] token_request {"app_id_len": 20, "app_secret_len": 32, "endpoint": "tenant_access_token/internal"}
2026-04-04 00:04:11,127 [INFO] token_success {"token_len": 42}
2026-04-04 00:04:12,658 [INFO] sending_ticket {"chat_id": "oc_cc8d68d763ef570e6d87e98f5cd7a168", "alert_id": "I133", "rulename": "test——demo", "severity": "2"}
2026-04-04 00:04:13,601 [INFO] sent_ticket {"chat_id": "oc_cc8d68d763ef570e6d87e98f5cd7a168", "message_id": "om_x100b53ca011454a4c452c38ab95cab2"}
2026-04-04 00:09:53,149 [INFO] token_request {"app_id_len": 20, "app_secret_len": 32, "endpoint": "tenant_access_token/internal"}
2026-04-04 00:09:53,553 [INFO] token_success {"token_len": 42}
2026-04-04 00:09:55,112 [INFO] sending_ticket {"chat_id": "oc_cc8d68d763ef570e6d87e98f5cd7a168", "alert_id": "I133", "rulename": "test——demo", "severity": "2"}
2026-04-04 00:09:56,046 [INFO] sent_ticket {"chat_id": "oc_cc8d68d763ef570e6d87e98f5cd7a168", "message_id": "om_x100b53ca2b8c94a4c35806f52d2ae80"}
2026-04-04 00:11:21,259 [INFO] token_request {"app_id_len": 20, "app_secret_len": 32, "endpoint": "tenant_access_token/internal"}
2026-04-04 00:11:21,671 [INFO] token_success {"token_len": 42}
2026-04-04 00:11:23,280 [INFO] sending_ticket {"chat_id": "oc_cc8d68d763ef570e6d87e98f5cd7a168", "alert_id": "I133", "rulename": "test——demo", "severity": "2"}
2026-04-04 00:11:24,325 [INFO] sent_ticket {"chat_id": "oc_cc8d68d763ef570e6d87e98f5cd7a168", "message_id": "om_x100b53ca240e50a0c3fa2e918033326"}
2026-04-04 00:11:43,699 [INFO] token_request {"app_id_len": 20, "app_secret_len": 32, "endpoint": "tenant_access_token/internal"}
2026-04-04 00:11:43,930 [INFO] token_success {"token_len": 42}
2026-04-04 00:11:45,615 [INFO] sending_ticket {"chat_id": "oc_cc8d68d763ef570e6d87e98f5cd7a168", "alert_id": "I133", "rulename": "test——demo", "severity": "2"}
2026-04-04 00:11:46,535 [INFO] sent_ticket {"chat_id": "oc_cc8d68d763ef570e6d87e98f5cd7a168", "message_id": "om_x100b53ca22ea58a4c31465e6d4c8732"}
2026-04-04 00:13:56,255 [INFO] sending_ticket {"chat_id": "oc_test", "alert_id": "I130", "rulename": "test rule", "severity": "2"}
2026-04-04 00:13:56,255 [INFO] sent_ticket {"chat_id": "oc_test", "message_id": "om_test"}
2026-04-04 00:13:56,255 [INFO] sending_ticket {"chat_id": "oc_test", "alert_id": "I130", "rulename": "test rule", "severity": "2"}
2026-04-04 00:13:56,255 [INFO] sent_ticket {"chat_id": "oc_test", "message_id": "om_test"}
2026-04-04 00:20:43,572 [INFO] token_request {"app_id_len": 20, "app_secret_len": 32, "endpoint": "tenant_access_token/internal"}
2026-04-04 00:20:44,126 [INFO] token_success {"token_len": 42}
2026-04-04 00:20:45,881 [INFO] sending_ticket {"chat_id": "oc_cc8d68d763ef570e6d87e98f5cd7a168", "alert_id": "I133", "rulename": "test——demo", "severity": "2"}
2026-04-04 00:20:46,899 [INFO] sent_ticket {"chat_id": "oc_cc8d68d763ef570e6d87e98f5cd7a168", "message_id": "om_x100b53cac323fca0c4a98eb3aa4408e"}
2026-04-04 00:26:07,438 [INFO] sending_ticket {"chat_id": "oc_test", "alert_id": "I130", "rulename": "Redis Memory High", "severity": "critical"}
2026-04-04 00:26:07,438 [INFO] sent_ticket {"chat_id": "oc_test", "message_id": "om_test"}
2026-04-04 00:28:18,892 [INFO] token_request {"app_id_len": 20, "app_secret_len": 32, "endpoint": "tenant_access_token/internal"}
2026-04-04 00:28:19,594 [INFO] token_success {"token_len": 42}
2026-04-04 00:28:21,389 [INFO] sending_ticket {"chat_id": "oc_cc8d68d763ef570e6d87e98f5cd7a168", "alert_id": "I133", "rulename": "test——demo", "severity": "2"}
2026-04-04 00:28:22,404 [INFO] sent_ticket {"chat_id": "oc_cc8d68d763ef570e6d87e98f5cd7a168", "message_id": "om_x100b53cae4ab34a4c30900435427afe"}
2026-04-04 00:29:53,428 [INFO] token_request {"app_id_len": 20, "app_secret_len": 32, "endpoint": "tenant_access_token/internal"}
2026-04-04 00:29:54,210 [INFO] token_success {"token_len": 42}
2026-04-04 00:29:55,878 [INFO] sending {"chat_id": "oc_cc8d68d763ef570e6d87e98f5cd7a168", "title": "[告警通知][2] oncall_qps{{$value}}", "mention_count": 1, "mention_in_chat_count": 0, "mention_plain_text_count": 1, "unresolved_count": 1, "link": true}
2026-04-04 00:29:56,866 [INFO] sent {"chat_id": "oc_cc8d68d763ef570e6d87e98f5cd7a168", "message_id": "om_x100b53cafe839ca0c495d7b67a62ebe"}
2026-04-04 00:29:56,899 [INFO] token_request {"app_id_len": 20, "app_secret_len": 32, "endpoint": "tenant_access_token/internal"}
2026-04-04 00:29:57,111 [INFO] token_success {"token_len": 42}
2026-04-04 00:29:58,650 [INFO] sending_ticket {"chat_id": "oc_cc8d68d763ef570e6d87e98f5cd7a168", "alert_id": "I134", "rulename": "oncall_qps{{$value}}", "severity": "2"}
2026-04-04 00:30:00,068 [INFO] sent_ticket {"chat_id": "oc_cc8d68d763ef570e6d87e98f5cd7a168", "message_id": "om_x100b53cafeb2c0a4c3169a4535e165e"}
2026-04-04 00:30:38,302 [INFO] token_request {"app_id_len": 20, "app_secret_len": 32, "endpoint": "tenant_access_token/internal"}
2026-04-04 00:30:38,574 [INFO] token_success {"token_len": 42}
2026-04-04 00:30:40,197 [INFO] sending {"chat_id": "oc_cc8d68d763ef570e6d87e98f5cd7a168", "title": "[告警通知][2] oncall_qps21.36", "mention_count": 1, "mention_in_chat_count": 0, "mention_plain_text_count": 1, "unresolved_count": 1, "link": true}
2026-04-04 00:30:41,202 [INFO] sent {"chat_id": "oc_cc8d68d763ef570e6d87e98f5cd7a168", "message_id": "om_x100b53cafddefca4c435d6ea9329db1"}
2026-04-04 00:30:41,382 [INFO] token_request {"app_id_len": 20, "app_secret_len": 32, "endpoint": "tenant_access_token/internal"}
2026-04-04 00:30:41,739 [INFO] token_success {"token_len": 42}
2026-04-04 00:30:43,232 [INFO] sending_ticket {"chat_id": "oc_cc8d68d763ef570e6d87e98f5cd7a168", "alert_id": "I135", "rulename": "oncall_qps21.36", "severity": "2"}
2026-04-04 00:30:44,234 [INFO] sent_ticket {"chat_id": "oc_cc8d68d763ef570e6d87e98f5cd7a168", "message_id": "om_x100b53cafd89a0acc4d6feb709ecd21"}
2026-04-04 00:34:53,061 [INFO] token_request {"app_id_len": 20, "app_secret_len": 32, "endpoint": "tenant_access_token/internal"}
2026-04-04 00:34:53,520 [INFO] token_success {"token_len": 42}
2026-04-04 00:34:55,130 [INFO] sending {"chat_id": "oc_cc8d68d763ef570e6d87e98f5cd7a168", "title": "[告警通知][2] oncall_qps{{.TriggerValue}}", "mention_count": 1, "mention_in_chat_count": 0, "mention_plain_text_count": 1, "unresolved_count": 1, "link": true}
2026-04-04 00:34:56,081 [INFO] sent {"chat_id": "oc_cc8d68d763ef570e6d87e98f5cd7a168", "message_id": "om_x100b53ca8dcc6ca4c312e8c6b202047"}
2026-04-04 00:34:56,114 [INFO] token_request {"app_id_len": 20, "app_secret_len": 32, "endpoint": "tenant_access_token/internal"}
2026-04-04 00:34:56,311 [INFO] token_success {"token_len": 42}
2026-04-04 00:34:57,853 [INFO] sending_ticket {"chat_id": "oc_cc8d68d763ef570e6d87e98f5cd7a168", "alert_id": "I136", "rulename": "oncall_qps{{.TriggerValue}}", "severity": "2"}
2026-04-04 00:34:58,877 [INFO] sent_ticket {"chat_id": "oc_cc8d68d763ef570e6d87e98f5cd7a168", "message_id": "om_x100b53ca8de108a0c2ef596a697338b"}
2026-04-04 00:35:53,179 [INFO] token_request {"app_id_len": 20, "app_secret_len": 32, "endpoint": "tenant_access_token/internal"}
2026-04-04 00:35:53,462 [INFO] token_success {"token_len": 42}
2026-04-04 00:35:55,094 [INFO] sending_ticket {"chat_id": "oc_cc8d68d763ef570e6d87e98f5cd7a168", "alert_id": "I135", "rulename": "oncall_qps21.36", "severity": "2"}
2026-04-04 00:35:56,118 [INFO] sent_ticket {"chat_id": "oc_cc8d68d763ef570e6d87e98f5cd7a168", "message_id": "om_x100b53ca880d34a4c2cb60ca88127fd"}
2026-04-04 00:39:23,100 [INFO] token_request {"app_id_len": 20, "app_secret_len": 32, "endpoint": "tenant_access_token/internal"}
2026-04-04 00:39:23,660 [INFO] token_success {"token_len": 42}
2026-04-04 00:39:25,244 [INFO] sending {"chat_id": "oc_cc8d68d763ef570e6d87e98f5cd7a168", "title": "[告警通知][2] oncall_qps {{.TriggerValue 0)}}", "mention_count": 1, "mention_in_chat_count": 0, "mention_plain_text_count": 1, "unresolved_count": 1, "link": true}
2026-04-04 00:39:26,152 [INFO] sent {"chat_id": "oc_cc8d68d763ef570e6d87e98f5cd7a168", "message_id": "om_x100b53ca9d2f90a0c33cbe416f8fd9d"}
2026-04-04 00:39:26,169 [INFO] token_request {"app_id_len": 20, "app_secret_len": 32, "endpoint": "tenant_access_token/internal"}
2026-04-04 00:39:26,391 [INFO] token_success {"token_len": 42}
2026-04-04 00:39:27,886 [INFO] sending_ticket {"chat_id": "oc_cc8d68d763ef570e6d87e98f5cd7a168", "alert_id": "I137", "rulename": "oncall_qps {{.TriggerValue 0)}}", "severity": "2"}
2026-04-04 00:39:28,854 [INFO] sent_ticket {"chat_id": "oc_cc8d68d763ef570e6d87e98f5cd7a168", "message_id": "om_x100b53ca9ac124a4c35d3041bba3a19"}
2026-04-04 00:40:08,048 [INFO] token_request {"app_id_len": 20, "app_secret_len": 32, "endpoint": "tenant_access_token/internal"}
2026-04-04 00:40:08,273 [INFO] token_success {"token_len": 42}
2026-04-04 00:40:09,869 [INFO] sending {"chat_id": "oc_cc8d68d763ef570e6d87e98f5cd7a168", "title": "[告警通知][2] oncall_qps {{.TriggerValue 0)}}", "mention_count": 1, "mention_in_chat_count": 0, "mention_plain_text_count": 1, "unresolved_count": 1, "link": true}
2026-04-04 00:40:10,837 [INFO] sent {"chat_id": "oc_cc8d68d763ef570e6d87e98f5cd7a168", "message_id": "om_x100b53ca986194acc3f8df133e1bcc8"}
2026-04-04 00:40:10,864 [INFO] token_request {"app_id_len": 20, "app_secret_len": 32, "endpoint": "tenant_access_token/internal"}
2026-04-04 00:40:11,083 [INFO] token_success {"token_len": 42}
2026-04-04 00:40:12,680 [INFO] sending_ticket {"chat_id": "oc_cc8d68d763ef570e6d87e98f5cd7a168", "alert_id": "I138", "rulename": "oncall_qps {{.TriggerValue 0)}}", "severity": "2"}
2026-04-04 00:40:13,806 [INFO] sent_ticket {"chat_id": "oc_cc8d68d763ef570e6d87e98f5cd7a168", "message_id": "om_x100b53ca981600a8c424c2980df2cb6"}
2026-04-04 00:40:13,910 [INFO] token_request {"app_id_len": 20, "app_secret_len": 32, "endpoint": "tenant_access_token/internal"}
2026-04-04 00:40:14,111 [INFO] token_success {"token_len": 42}
2026-04-04 00:40:15,682 [INFO] sending {"chat_id": "oc_cc8d68d763ef570e6d87e98f5cd7a168", "title": "[告警通知][2] failed to parse rule name: template: 1:1: unexpected right paren", "mention_count": 1, "mention_in_chat_count": 0, "mention_plain_text_count": 1, "unresolved_count": 1, "link": true}
2026-04-04 00:40:16,634 [INFO] sent {"chat_id": "oc_cc8d68d763ef570e6d87e98f5cd7a168", "message_id": "om_x100b53ca99c4f8a0c3d04a32f0d1386"}
2026-04-04 00:40:16,652 [INFO] token_request {"app_id_len": 20, "app_secret_len": 32, "endpoint": "tenant_access_token/internal"}
2026-04-04 00:40:16,851 [INFO] token_success {"token_len": 42}
2026-04-04 00:40:18,332 [INFO] sending_ticket {"chat_id": "oc_cc8d68d763ef570e6d87e98f5cd7a168", "alert_id": "I139", "rulename": "failed to parse rule name: template: 1:1: unexpected right paren", "severity": "2"}
2026-04-04 00:40:19,345 [INFO] sent_ticket {"chat_id": "oc_cc8d68d763ef570e6d87e98f5cd7a168", "message_id": "om_x100b53ca99f880a0c45c419670e12d1"}
2026-04-04 00:41:23,063 [INFO] token_request {"app_id_len": 20, "app_secret_len": 32, "endpoint": "tenant_access_token/internal"}
2026-04-04 00:41:23,382 [INFO] token_success {"token_len": 42}
2026-04-04 00:41:24,977 [INFO] sending {"chat_id": "oc_cc8d68d763ef570e6d87e98f5cd7a168", "title": "[告警通知][2] oncall_qps {{.TriggerValue}}", "mention_count": 1, "mention_in_chat_count": 0, "mention_plain_text_count": 1, "unresolved_count": 1, "link": true}
2026-04-04 00:41:25,947 [INFO] sent {"chat_id": "oc_cc8d68d763ef570e6d87e98f5cd7a168", "message_id": "om_x100b53ca9593f130c3541f295786b1d"}
2026-04-04 00:41:25,970 [INFO] token_request {"app_id_len": 20, "app_secret_len": 32, "endpoint": "tenant_access_token/internal"}
2026-04-04 00:41:26,171 [INFO] token_success {"token_len": 42}
2026-04-04 00:41:27,819 [INFO] sending_ticket {"chat_id": "oc_cc8d68d763ef570e6d87e98f5cd7a168", "alert_id": "I140", "rulename": "oncall_qps {{.TriggerValue}}", "severity": "2"}
2026-04-04 00:41:28,677 [INFO] sent_ticket {"chat_id": "oc_cc8d68d763ef570e6d87e98f5cd7a168", "message_id": "om_x100b53ca9547aca0c4a63765ed739b3"}
2026-04-04 00:42:08,046 [INFO] token_request {"app_id_len": 20, "app_secret_len": 32, "endpoint": "tenant_access_token/internal"}
2026-04-04 00:42:08,274 [INFO] token_success {"token_len": 42}
2026-04-04 00:42:09,901 [INFO] sending {"chat_id": "oc_cc8d68d763ef570e6d87e98f5cd7a168", "title": "[告警通知][2] oncall_qps {{humanize (formatDecimal .TriggerValue 0)}}", "mention_count": 1, "mention_in_chat_count": 0, "mention_plain_text_count": 1, "unresolved_count": 1, "link": true}
2026-04-04 00:42:10,843 [INFO] sent {"chat_id": "oc_cc8d68d763ef570e6d87e98f5cd7a168", "message_id": "om_x100b53ca90e088a0c3fe5e2a896396c"}
2026-04-04 00:42:10,860 [INFO] token_request {"app_id_len": 20, "app_secret_len": 32, "endpoint": "tenant_access_token/internal"}
2026-04-04 00:42:11,073 [INFO] token_success {"token_len": 42}
2026-04-04 00:42:12,614 [INFO] sending_ticket {"chat_id": "oc_cc8d68d763ef570e6d87e98f5cd7a168", "alert_id": "I141", "rulename": "oncall_qps {{humanize (formatDecimal .TriggerValue 0)}}", "severity": "2"}
2026-04-04 00:42:13,614 [INFO] sent_ticket {"chat_id": "oc_cc8d68d763ef570e6d87e98f5cd7a168", "message_id": "om_x100b53ca9095c0a4c2c2e83fd2c6e78"}
2026-04-04 00:43:23,047 [INFO] token_request {"app_id_len": 20, "app_secret_len": 32, "endpoint": "tenant_access_token/internal"}
2026-04-04 00:43:23,382 [INFO] token_success {"token_len": 42}
2026-04-04 00:43:24,999 [INFO] sending {"chat_id": "oc_cc8d68d763ef570e6d87e98f5cd7a168", "title": "[告警通知][2] oncall_qps {{$value}}", "mention_count": 1, "mention_in_chat_count": 0, "mention_plain_text_count": 1, "unresolved_count": 1, "link": true}
2026-04-04 00:43:25,891 [INFO] sent {"chat_id": "oc_cc8d68d763ef570e6d87e98f5cd7a168", "message_id": "om_x100b53caac106ca0c428d0438607833"}
2026-04-04 00:43:25,900 [INFO] token_request {"app_id_len": 20, "app_secret_len": 32, "endpoint": "tenant_access_token/internal"}
2026-04-04 00:43:26,120 [INFO] token_success {"token_len": 42}
2026-04-04 00:43:27,650 [INFO] sending_ticket {"chat_id": "oc_cc8d68d763ef570e6d87e98f5cd7a168", "alert_id": "I142", "rulename": "oncall_qps {{$value}}", "severity": "2"}
2026-04-04 00:43:28,601 [INFO] sent_ticket {"chat_id": "oc_cc8d68d763ef570e6d87e98f5cd7a168", "message_id": "om_x100b53caadc4a938c4584731a948647"}
2026-04-04 00:45:08,129 [INFO] token_request {"app_id_len": 20, "app_secret_len": 32, "endpoint": "tenant_access_token/internal"}
2026-04-04 00:45:08,455 [INFO] token_success {"token_len": 42}
2026-04-04 00:45:10,048 [INFO] sending_ticket {"chat_id": "oc_cc8d68d763ef570e6d87e98f5cd7a168", "alert_id": "I143", "rulename": "oncall_qps 10.41", "severity": "2"}
2026-04-04 00:45:10,984 [INFO] sent_ticket {"chat_id": "oc_cc8d68d763ef570e6d87e98f5cd7a168", "message_id": "om_x100b53caa7a288a4c3284cdbe2a8b6c"}
2026-04-04 00:56:36,391 [INFO] token_request {"app_id_len": 20, "app_secret_len": 32, "endpoint": "tenant_access_token/internal"}
2026-04-04 00:56:36,877 [INFO] token_success {"token_len": 42}
2026-04-04 00:56:38,564 [INFO] sending {"chat_id": "oc_cc8d68d763ef570e6d87e98f5cd7a168", "title": "[未认领升级][2] oncall_qps {{.TriggerValue}}", "mention_count": 2, "mention_in_chat_count": 0, "mention_plain_text_count": 2, "unresolved_count": 2, "link": true}
2026-04-04 00:56:39,603 [INFO] sent {"chat_id": "oc_cc8d68d763ef570e6d87e98f5cd7a168", "message_id": "om_x100b53cb5aba78a8c445fe69cd093e0"}
2026-04-04 01:01:53,074 [INFO] token_request {"app_id_len": 20, "app_secret_len": 32, "endpoint": "tenant_access_token/internal"}
2026-04-04 01:01:53,723 [INFO] token_success {"token_len": 42}
2026-04-04 01:01:55,350 [INFO] sending {"chat_id": "oc_cc8d68d763ef570e6d87e98f5cd7a168", "title": "[告警通知][2] oncall_qps {{$value}}", "mention_count": 1, "mention_in_chat_count": 0, "mention_plain_text_count": 1, "unresolved_count": 1, "link": true}
2026-04-04 01:01:56,298 [INFO] sent {"chat_id": "oc_cc8d68d763ef570e6d87e98f5cd7a168", "message_id": "om_x100b53cb66895ca4c11adcea3e1f147"}
2026-04-04 01:01:56,325 [INFO] token_request {"app_id_len": 20, "app_secret_len": 32, "endpoint": "tenant_access_token/internal"}
2026-04-04 01:01:56,533 [INFO] token_success {"token_len": 42}
2026-04-04 01:01:58,204 [INFO] sending_ticket {"chat_id": "oc_cc8d68d763ef570e6d87e98f5cd7a168", "alert_id": "I144", "rulename": "oncall_qps {{$value}}", "severity": "2"}
2026-04-04 01:01:59,198 [INFO] sent_ticket {"chat_id": "oc_cc8d68d763ef570e6d87e98f5cd7a168", "message_id": "om_x100b53cb66bf88a0c44eb930abb587e"}
2026-04-04 01:07:38,119 [INFO] token_request {"app_id_len": 20, "app_secret_len": 32, "endpoint": "tenant_access_token/internal"}
2026-04-04 01:07:38,459 [INFO] token_success {"token_len": 42}
2026-04-04 01:07:40,195 [INFO] sending_ticket {"chat_id": "oc_cc8d68d763ef570e6d87e98f5cd7a168", "alert_id": "I144", "rulename": "oncall_qps 29.30", "severity": "2"}
2026-04-04 01:07:41,168 [INFO] sent_ticket {"chat_id": "oc_cc8d68d763ef570e6d87e98f5cd7a168", "message_id": "om_x100b53cb731f4ca0c383872d0431ce7"}
2026-04-04 01:28:08,105 [INFO] token_request {"app_id_len": 20, "app_secret_len": 32, "endpoint": "tenant_access_token/internal"}
2026-04-04 01:28:08,650 [INFO] token_success {"token_len": 42}
2026-04-04 01:28:10,280 [INFO] sending_ticket {"chat_id": "oc_cc8d68d763ef570e6d87e98f5cd7a168", "alert_id": "I146", "rulename": "oncall_qps 20.96", "severity": "2"}
2026-04-04 01:28:11,236 [INFO] sent_ticket {"chat_id": "oc_cc8d68d763ef570e6d87e98f5cd7a168", "message_id": "om_x100b53cbc47f84a0c2b3ca2ffde138f"}
2026-04-04 01:33:23,461 [INFO] token_request {"app_id_len": 20, "app_secret_len": 32, "endpoint": "tenant_access_token/internal"}
2026-04-04 01:33:24,061 [INFO] token_success {"token_len": 42}
2026-04-04 01:33:25,692 [INFO] sending_ticket {"chat_id": "oc_cc8d68d763ef570e6d87e98f5cd7a168", "alert_id": "I146", "rulename": "oncall_qps 20.96", "severity": "2"}
2026-04-04 01:33:26,605 [INFO] sent_ticket {"chat_id": "oc_cc8d68d763ef570e6d87e98f5cd7a168", "message_id": "om_x100b53cbd0aa74a0c10ea80e7fb0c70"}
2026-04-04 01:43:17,216 [INFO] token_request {"app_id_len": 20, "app_secret_len": 32, "endpoint": "tenant_access_token/internal"}
2026-04-04 01:43:17,707 [INFO] token_success {"token_len": 42}
2026-04-04 01:43:19,286 [INFO] sending {"chat_id": "oc_cc8d68d763ef570e6d87e98f5cd7a168", "title": "[告警通知][WARNING] qps <  50", "mention_count": 1, "mention_in_chat_count": 0, "mention_plain_text_count": 1, "unresolved_count": 1, "link": true}
2026-04-04 01:43:20,224 [INFO] sent {"chat_id": "oc_cc8d68d763ef570e6d87e98f5cd7a168", "message_id": "om_x100b53cb8d4e84a0c2ea8b1efb74a47"}
2026-04-04 01:44:08,598 [INFO] token_request {"app_id_len": 20, "app_secret_len": 32, "endpoint": "tenant_access_token/internal"}
2026-04-04 01:44:08,870 [INFO] token_success {"token_len": 42}
2026-04-04 01:44:10,467 [INFO] sending {"chat_id": "oc_cc8d68d763ef570e6d87e98f5cd7a168", "title": "[告警通知][WARNING] 123", "mention_count": 1, "mention_in_chat_count": 0, "mention_plain_text_count": 1, "unresolved_count": 1, "link": true}
2026-04-04 01:44:11,431 [INFO] sent {"chat_id": "oc_cc8d68d763ef570e6d87e98f5cd7a168", "message_id": "om_x100b53cb887b00a4c112b3ad2d3a806"}
2026-04-04 01:44:11,517 [INFO] token_request {"app_id_len": 20, "app_secret_len": 32, "endpoint": "tenant_access_token/internal"}
2026-04-04 01:44:11,851 [INFO] token_success {"token_len": 42}
2026-04-04 01:44:13,742 [INFO] sending {"chat_id": "oc_cc8d68d763ef570e6d87e98f5cd7a168", "title": "[告警通知][WARNING] 123", "mention_count": 1, "mention_in_chat_count": 0, "mention_plain_text_count": 1, "unresolved_count": 1, "link": true}
2026-04-04 01:44:14,796 [INFO] sent {"chat_id": "oc_cc8d68d763ef570e6d87e98f5cd7a168", "message_id": "om_x100b53cb8821d8a0c33f804fe7ccdb6"}
2026-04-04 02:00:04,882 [INFO] token_request {"app_id_len": 20, "app_secret_len": 32, "endpoint": "tenant_access_token/internal"}
2026-04-04 02:00:05,373 [INFO] token_success {"token_len": 42}
2026-04-04 02:00:07,226 [INFO] sending_ticket {"chat_id": "oc_cc8d68d763ef570e6d87e98f5cd7a168", "alert_id": "I155", "rulename": "oncall_qps {{}}", "severity": "2"}
2026-04-04 02:00:08,167 [INFO] sent_ticket {"chat_id": "oc_cc8d68d763ef570e6d87e98f5cd7a168", "message_id": "om_x100b52344c4f14a8c3d94ed9f412c26"}
2026-04-04 02:00:38,164 [INFO] token_request {"app_id_len": 20, "app_secret_len": 32, "endpoint": "tenant_access_token/internal"}
2026-04-04 02:00:38,401 [INFO] token_success {"token_len": 42}
2026-04-04 02:00:40,019 [INFO] sending {"chat_id": "oc_cc8d68d763ef570e6d87e98f5cd7a168", "title": "[告警通知][WARNING] generic event", "mention_count": 1, "mention_in_chat_count": 0, "mention_plain_text_count": 1, "unresolved_count": 1, "link": true}
2026-04-04 02:00:40,951 [INFO] sent {"chat_id": "oc_cc8d68d763ef570e6d87e98f5cd7a168", "message_id": "om_x100b52344a428ca0c319125f1fda1ba"}
2026-04-04 02:13:12,044 [INFO] token_request {"app_id_len": 20, "app_secret_len": 32, "endpoint": "tenant_access_token/internal"}
2026-04-04 02:13:12,576 [INFO] token_success {"token_len": 42}
2026-04-04 02:13:14,153 [INFO] sending_ticket {"chat_id": "oc_cc8d68d763ef570e6d87e98f5cd7a168", "alert_id": "I161", "rulename": "test", "severity": "warning"}
2026-04-04 02:13:15,182 [INFO] sent_ticket {"chat_id": "oc_cc8d68d763ef570e6d87e98f5cd7a168", "message_id": "om_x100b52347d7f0934c33b8c0d8c10b0f"}
2026-04-04 02:22:31,760 [INFO] token_request {"app_id_len": 20, "app_secret_len": 32, "endpoint": "tenant_access_token/internal"}
2026-04-04 02:22:32,140 [INFO] token_success {"token_len": 42}
2026-04-04 02:22:32,650 [INFO] warning {"chat_id": "oc_mock_recover", "stage": "lookup_chat_members", "error": "lookup chat members failed: http 400: code=99992356, msg=The request you send is not a valid {open_chat_id} or not exists, and the example value is {oc_da5****************dfe}. Invalid ids: [oc_mock_recover] . Please see field_violations for details and refer to API documentation to correct accordingly and resubmit"}
2026-04-04 02:22:32,650 [INFO] sending {"chat_id": "oc_mock_recover", "title": "[告警通知][CRITICAL] recover test alert", "mention_count": 0, "mention_in_chat_count": 0, "mention_plain_text_count": 0, "unresolved_count": 0, "link": true}
2026-04-04 02:24:08,102 [INFO] token_request {"app_id_len": 20, "app_secret_len": 32, "endpoint": "tenant_access_token/internal"}
2026-04-04 02:24:08,575 [INFO] token_success {"token_len": 42}
2026-04-04 02:24:10,165 [INFO] sending_ticket {"chat_id": "oc_cc8d68d763ef570e6d87e98f5cd7a168", "alert_id": "I169", "rulename": "oncall_qps 15.51", "severity": "2"}
2026-04-04 02:24:11,132 [INFO] sent_ticket {"chat_id": "oc_cc8d68d763ef570e6d87e98f5cd7a168", "message_id": "om_x100b5234127f08a0c4fe21a5eb82166"}
2026-04-04 02:24:45,881 [INFO] token_request {"app_id_len": 20, "app_secret_len": 32, "endpoint": "tenant_access_token/internal"}
2026-04-04 02:24:46,089 [INFO] token_success {"token_len": 42}
2026-04-04 02:24:47,807 [INFO] sending_ticket {"chat_id": "oc_cc8d68d763ef570e6d87e98f5cd7a168", "alert_id": "I169", "rulename": "oncall_qps 15.51", "severity": "2"}
2026-04-04 02:24:48,712 [INFO] sent_ticket {"chat_id": "oc_cc8d68d763ef570e6d87e98f5cd7a168", "message_id": "om_x100b523411c660a4c379f8ae06c8668"}
2026-04-04 02:37:38,200 [INFO] token_request {"app_id_len": 20, "app_secret_len": 32, "endpoint": "tenant_access_token/internal"}
2026-04-04 02:37:38,624 [INFO] token_success {"token_len": 42}
2026-04-04 02:37:40,296 [INFO] sending_ticket {"chat_id": "oc_cc8d68d763ef570e6d87e98f5cd7a168", "alert_id": "I171", "rulename": "oncall_qps 18.24", "severity": "2"}
2026-04-04 02:37:41,238 [INFO] sent_ticket {"chat_id": "oc_cc8d68d763ef570e6d87e98f5cd7a168", "message_id": "om_x100b5234c1990530c3ce4987c33e813"}
2026-04-04 02:39:17,485 [INFO] token_request {"app_id_len": 20, "app_secret_len": 32, "endpoint": "tenant_access_token/internal"}
2026-04-04 02:39:17,828 [INFO] token_success {"token_len": 42}
2026-04-04 02:39:19,374 [INFO] sending_ticket {"chat_id": "oc_cc8d68d763ef570e6d87e98f5cd7a168", "alert_id": "I171", "rulename": "oncall_qps 18.24", "severity": "2"}
2026-04-04 02:39:20,279 [INFO] sent_ticket {"chat_id": "oc_cc8d68d763ef570e6d87e98f5cd7a168", "message_id": "om_x100b5234db4808a0c105d4aba31854a"}
2026-04-04 03:04:23,127 [INFO] token_request {"app_id_len": 20, "app_secret_len": 32, "endpoint": "tenant_access_token/internal"}
2026-04-04 03:04:23,742 [INFO] token_success {"token_len": 42}
2026-04-04 03:04:25,680 [INFO] sending_ticket {"chat_id": "oc_cc8d68d763ef570e6d87e98f5cd7a168", "alert_id": "I177", "rulename": "oncall_qps 13.12", "severity": "warning"}
2026-04-04 03:04:26,704 [INFO] sent_ticket {"chat_id": "oc_cc8d68d763ef570e6d87e98f5cd7a168", "message_id": "om_x100b5234bd678ca0c312a7ce2a9631d"}
2026-04-04 03:05:34,593 [INFO] token_request {"app_id_len": 20, "app_secret_len": 32, "endpoint": "tenant_access_token/internal"}
2026-04-04 03:05:34,820 [INFO] token_success {"token_len": 42}
2026-04-04 03:05:36,411 [INFO] sending_ticket {"chat_id": "oc_cc8d68d763ef570e6d87e98f5cd7a168", "alert_id": "I177", "rulename": "oncall_qps 13.12", "severity": "warning"}
2026-04-04 03:05:37,362 [INFO] sent_ticket {"chat_id": "oc_cc8d68d763ef570e6d87e98f5cd7a168", "message_id": "om_x100b5234b6d818a0c30bb114841c6dc"}
2026-04-04 04:26:34,917 [INFO] token_request {"app_id_len": 20, "app_secret_len": 32, "endpoint": "tenant_access_token/internal"}
2026-04-04 04:26:35,451 [INFO] token_success {"token_len": 42}
2026-04-04 04:26:37,248 [INFO] sending_ticket {"chat_id": "oc_cc8d68d763ef570e6d87e98f5cd7a168", "alert_id": "I179", "rulename": "oncall_qps 28.75", "severity": "warning"}
2026-04-04 04:26:38,170 [INFO] sent_ticket {"chat_id": "oc_cc8d68d763ef570e6d87e98f5cd7a168", "message_id": "om_x100b523669295d30c38851347261efa"}
2026-04-04 04:27:32,009 [INFO] token_request {"app_id_len": 20, "app_secret_len": 32, "endpoint": "tenant_access_token/internal"}
2026-04-04 04:27:32,251 [INFO] token_success {"token_len": 42}
2026-04-04 04:27:34,059 [INFO] sending {"chat_id": "oc_cc8d68d763ef570e6d87e98f5cd7a168", "title": "[未认领升级][WARNING] oncall_qps 28.75", "mention_count": 2, "mention_in_chat_count": 0, "mention_plain_text_count": 2, "unresolved_count": 2, "link": true}
2026-04-04 04:27:35,027 [INFO] sent {"chat_id": "oc_cc8d68d763ef570e6d87e98f5cd7a168", "message_id": "om_x100b523665bfc8a0c2bda8315f7fc5e"}
2026-04-04 05:01:22,605 [INFO] token_request {"app_id_len": 20, "app_secret_len": 32, "endpoint": "tenant_access_token/internal"}
2026-04-04 05:01:23,082 [INFO] token_success {"token_len": 42}
2026-04-04 05:01:24,117 [INFO] token_request {"app_id_len": 20, "app_secret_len": 32, "endpoint": "tenant_access_token/internal"}
2026-04-04 05:01:24,352 [INFO] token_success {"token_len": 42}
2026-04-04 05:01:24,767 [INFO] sending_ticket {"chat_id": "oc_cc8d68d763ef570e6d87e98f5cd7a168", "alert_id": "I179", "rulename": "oncall_qps 30.44", "severity": "warning"}
2026-04-04 05:01:25,722 [INFO] sent_ticket {"chat_id": "oc_cc8d68d763ef570e6d87e98f5cd7a168", "message_id": "om_x100b5236e490d4a0c440535f50551b3"}
2026-04-04 05:01:25,867 [INFO] sending_ticket {"chat_id": "oc_cc8d68d763ef570e6d87e98f5cd7a168", "alert_id": "I179", "rulename": "oncall_qps 30.44", "severity": "warning"}
2026-04-04 05:01:26,785 [INFO] sent_ticket {"chat_id": "oc_cc8d68d763ef570e6d87e98f5cd7a168", "message_id": "om_x100b5236e4a348a4c4e0d0c498f7f53"}
2026-04-04 05:03:04,140 [INFO] token_request {"app_id_len": 20, "app_secret_len": 32, "endpoint": "tenant_access_token/internal"}
2026-04-04 05:03:04,715 [INFO] token_success {"token_len": 42}
2026-04-04 05:03:06,339 [INFO] sending_ticket {"chat_id": "oc_cc8d68d763ef570e6d87e98f5cd7a168", "alert_id": "I180", "rulename": "oncall_qps 27.66", "severity": "warning"}
2026-04-04 05:03:07,279 [INFO] sent_ticket {"chat_id": "oc_cc8d68d763ef570e6d87e98f5cd7a168", "message_id": "om_x100b5236fe7b0ca4c49ce4fe96cae60"}
2026-04-04 05:13:34,176 [INFO] token_request {"app_id_len": 20, "app_secret_len": 32, "endpoint": "tenant_access_token/internal"}
2026-04-04 05:13:34,661 [INFO] token_success {"token_len": 42}
2026-04-04 05:13:36,348 [INFO] sending_ticket {"chat_id": "oc_cc8d68d763ef570e6d87e98f5cd7a168", "alert_id": "I182", "rulename": "oncall_qps 30.75", "severity": "warning"}
2026-04-04 05:13:37,432 [INFO] sent_ticket {"chat_id": "oc_cc8d68d763ef570e6d87e98f5cd7a168", "message_id": "om_x100b523696da18a0c30fc6ccbcb3599"}
2026-04-04 05:14:37,078 [INFO] token_request {"app_id_len": 20, "app_secret_len": 32, "endpoint": "tenant_access_token/internal"}
2026-04-04 05:14:37,418 [INFO] token_success {"token_len": 42}
2026-04-04 05:14:38,991 [INFO] sending_ticket {"chat_id": "oc_cc8d68d763ef570e6d87e98f5cd7a168", "alert_id": "I182", "rulename": "oncall_qps 30.75", "severity": "warning"}
2026-04-04 05:14:39,921 [INFO] sent_ticket {"chat_id": "oc_cc8d68d763ef570e6d87e98f5cd7a168", "message_id": "om_x100b523692ccc934c227a63fdf1489b"}
2026-04-04 05:21:05,199 [INFO] token_request {"app_id_len": 20, "app_secret_len": 32, "endpoint": "tenant_access_token/internal"}
2026-04-04 05:21:05,671 [INFO] token_success {"token_len": 42}
2026-04-04 05:21:07,259 [INFO] sending_ticket {"chat_id": "oc_cc8d68d763ef570e6d87e98f5cd7a168", "alert_id": "I183", "rulename": "oncall_qps 18.15", "severity": "warning"}
2026-04-04 05:21:08,232 [INFO] sent_ticket {"chat_id": "oc_cc8d68d763ef570e6d87e98f5cd7a168", "message_id": "om_x100b5236ba8e40a4c2b6e8ec140d52a"}
2026-04-04 05:23:29,172 [INFO] token_request {"app_id_len": 20, "app_secret_len": 32, "endpoint": "tenant_access_token/internal"}
2026-04-04 05:23:29,691 [INFO] token_success {"token_len": 42}
2026-04-04 05:23:31,327 [INFO] sending_ticket {"chat_id": "oc_cc8d68d763ef570e6d87e98f5cd7a168", "alert_id": "I183", "rulename": "oncall_qps 18.15", "severity": "warning"}
2026-04-04 05:23:32,243 [INFO] sent_ticket {"chat_id": "oc_cc8d68d763ef570e6d87e98f5cd7a168", "message_id": "om_x100b5236b389a8a0c4266d580964dd4"}
2026-04-04 05:27:59,333 [INFO] token_request {"app_id_len": 20, "app_secret_len": 32, "endpoint": "tenant_access_token/internal"}
2026-04-04 05:27:59,787 [INFO] token_success {"token_len": 42}
2026-04-04 05:28:01,523 [INFO] sending_ticket {"chat_id": "oc_cc8d68d763ef570e6d87e98f5cd7a168", "alert_id": "I184", "rulename": "oncall_qps 34.81", "severity": "warning"}
2026-04-04 05:28:02,444 [INFO] sent_ticket {"chat_id": "oc_cc8d68d763ef570e6d87e98f5cd7a168", "message_id": "om_x100b523740eab0a0c11b25b0f51840c"}
2026-04-04 05:29:29,132 [INFO] token_request {"app_id_len": 20, "app_secret_len": 32, "endpoint": "tenant_access_token/internal"}
2026-04-04 05:29:29,584 [INFO] token_success {"token_len": 42}
2026-04-04 05:29:31,305 [INFO] sending_ticket {"chat_id": "oc_cc8d68d763ef570e6d87e98f5cd7a168", "alert_id": "I184", "rulename": "oncall_qps 34.81", "severity": "warning"}
2026-04-04 05:29:32,259 [INFO] sent_ticket {"chat_id": "oc_cc8d68d763ef570e6d87e98f5cd7a168", "message_id": "om_x100b52375d09d4a0c44dbeab5d0c4a6"}
2026-04-05 09:00:00,075 [INFO] token_request {"app_id_len": 20, "app_secret_len": 32, "endpoint": "tenant_access_token/internal"}
2026-04-05 09:00:00,938 [INFO] token_success {"token_len": 42}
2026-04-05 09:00:03,513 [INFO] token_request {"app_id_len": 20, "app_secret_len": 32, "endpoint": "tenant_access_token/internal"}
2026-04-05 09:00:03,728 [INFO] token_success {"token_len": 42}
2026-04-05 09:00:04,746 [INFO] sending {"chat_id": "oc_cc8d68d763ef570e6d87e98f5cd7a168", "title": "今天值班", "mention_count": 0, "mention_in_chat_count": 0, "mention_plain_text_count": 0, "unresolved_count": 0, "link": false}
2026-04-05 09:00:05,963 [INFO] sent {"chat_id": "oc_cc8d68d763ef570e6d87e98f5cd7a168", "message_id": "om_x100b522f0f912ca4e129217c44c1974"}
